<?xml version="1.0" encoding="UTF-8" ?>
<testsuite tests="2" failures="0" name="com.karate.api.TestRunner" time="0.219" errors="2" skipped="0">
  <properties>
[...]
</properties>
  <testcase classname="[1-karate-driver-and-api] web and api" name="[1:8] Web" time="0.219">
    <error message="-unknown-:5 - javascript evaluation failed: * call read(&apos;pom.json&apos;), &lt;eval&gt;:1:0 Expected an operand but found *
* call read(&apos;pom.json&apos;)
^ in &lt;eval&gt; at line number 1 at column number 0" type="com.intuit.karate.exception.KarateException">com.intuit.karate.exception.KarateException: -unknown-:5 - javascript evaluation failed: * call read(&apos;pom.json&apos;), &lt;eval&gt;:1:0 Expected an operand but found *
* call read(&apos;pom.json&apos;)
^ in &lt;eval&gt; at line number 1 at column number 0
	at ✽.* def jsonE = * call read(&apos;pom.json&apos;) (-unknown-:5)
</error>
    <system-out>10:36:21.377 [main] WARN com.intuit.karate - skipping bootstrap configuration: could not find or read file: classpath:karate-config.js
10:36:21.565 [main] DEBUG com.jayway.jsonpath.internal.path.CompiledPath - Evaluating path: $
10:36:21.581 [main] DEBUG com.jayway.jsonpath.internal.path.CompiledPath - Evaluating path: $
</system-out>
    <system-err>Warning: Nashorn engine is planned to be removed from a future JDK release
</system-err>
  </testcase>
  <testcase classname="[1-karate-driver-and-api] web and api" name="[2:19] API" time="0">
    <error message="-unknown-:5 - javascript evaluation failed: * call read(&apos;pom.json&apos;), &lt;eval&gt;:1:0 Expected an operand but found *
* call read(&apos;pom.json&apos;)
^ in &lt;eval&gt; at line number 1 at column number 0" type="com.intuit.karate.exception.KarateException">com.intuit.karate.exception.KarateException: -unknown-:5 - javascript evaluation failed: * call read(&apos;pom.json&apos;), &lt;eval&gt;:1:0 Expected an operand but found *
* call read(&apos;pom.json&apos;)
^ in &lt;eval&gt; at line number 1 at column number 0
	at ✽.* def jsonE = * call read(&apos;pom.json&apos;) (-unknown-:5)
</error>
    <system-out>10:36:21.659 [main] WARN com.intuit.karate - skipping bootstrap configuration: could not find or read file: classpath:karate-config.js
10:36:21.659 [main] DEBUG com.jayway.jsonpath.internal.path.CompiledPath - Evaluating path: $
10:36:21.659 [main] DEBUG com.jayway.jsonpath.internal.path.CompiledPath - Evaluating path: $
</system-out>
  </testcase>
</testsuite>